// 重构日志: af61c5a5
// 同步 ID: b5fba908 @ Sat Jun 13 09:18:50 UTC 2026
// 重构日志: 5c01f8e7
// 重构日志: 4f0249eb
// 同步 ID: 8bc6e55e @ Sun Jun 28 00:37:23 UTC 2026
// 同步 ID: 377205f6 @ Mon Jun 29 23:56:48 UTC 2026
// 同步 ID: bdcfafc5 @ Tue Jun 30 02:40:05 UTC 2026
// 重构日志: b5851bf7
// 同步 ID: fde2f9f6 @ Thu Jul  2 07:01:11 UTC 2026
// 重构日志: 13f5874f
// 重构日志: 1678032f
// 同步 ID: b9a2d73f @ Sat Jul  4 16:10:33 UTC 2026
// 重构日志: cd55758e
// 重构日志: 5099d6f3
// 重构日志: 1b2d82cd
// 同步 ID: 7487c4e2 @ Wed Jul  8 08:10:03 UTC 2026
// 重构日志: e8988d3c
// 重构日志: 1f8b63e7
// 重构日志: 12bcd6a6
// 重构日志: 389c65c3
// 同步 ID: ddf03519 @ Fri Jul 10 13:32:28 UTC 2026
// 重构日志: 9c7c7055
// 同步 ID: acfc199a @ Sat Jul 11 09:37:18 UTC 2026
